<?xml version="1.0" encoding="UTF-8"?>
<testng-results skipped="0" failed="0" ignored="0" total="2" passed="2">
  <reporter-output>
  </reporter-output>
  <suite name="Default suite" duration-ms="141" started-at="2020-09-27T12:29:10Z" finished-at="2020-09-27T12:29:10Z">
    <groups>
    </groups>
    <test name="Default test" duration-ms="141" started-at="2020-09-27T12:29:10Z" finished-at="2020-09-27T12:29:10Z">
      <class name="Actitime">
        <test-method status="PASS" signature="createnewcustomer()[pri:0, instance:Actitime@6d8a00e3]" name="createnewcustomer" duration-ms="16" started-at="2020-09-27T12:29:10Z" finished-at="2020-09-27T12:29:10Z">
          <reporter-output>
          </reporter-output>
        </test-method> <!-- createnewcustomer -->
        <test-method status="PASS" signature="createnewproject()[pri:0, instance:Actitime@6d8a00e3]" name="createnewproject" duration-ms="16" started-at="2020-09-27T12:29:10Z" depends-on-methods="Actitime.createnewcustomer" finished-at="2020-09-27T12:29:10Z">
          <reporter-output>
          </reporter-output>
        </test-method> <!-- createnewproject -->
      </class> <!-- Actitime -->
    </test> <!-- Default test -->
  </suite> <!-- Default suite -->
</testng-results>
